                                      1 ;--------------------------------------------------------
                                      2 ; File Created by SDCC : free open source ANSI-C Compiler
                                      3 ; Version 4.0.0 #11528 (Linux)
                                      4 ;--------------------------------------------------------
                                      5 	.module CLK
                                      6 	.optsdcc -mstm8
                                      7 	
                                      8 ;--------------------------------------------------------
                                      9 ; Public variables in this module
                                     10 ;--------------------------------------------------------
                                     11 	.globl _CLK_Config
                                     12 	.globl _CLK_Deinit
                                     13 ;--------------------------------------------------------
                                     14 ; ram data
                                     15 ;--------------------------------------------------------
                                     16 	.area DATA
                                     17 ;--------------------------------------------------------
                                     18 ; ram data
                                     19 ;--------------------------------------------------------
                                     20 	.area INITIALIZED
                                     21 ;--------------------------------------------------------
                                     22 ; absolute external ram data
                                     23 ;--------------------------------------------------------
                                     24 	.area DABS (ABS)
                                     25 
                                     26 ; default segment ordering for linker
                                     27 	.area HOME
                                     28 	.area GSINIT
                                     29 	.area GSFINAL
                                     30 	.area CONST
                                     31 	.area INITIALIZER
                                     32 	.area CODE
                                     33 
                                     34 ;--------------------------------------------------------
                                     35 ; global & static initialisations
                                     36 ;--------------------------------------------------------
                                     37 	.area HOME
                                     38 	.area GSINIT
                                     39 	.area GSFINAL
                                     40 	.area GSINIT
                                     41 ;--------------------------------------------------------
                                     42 ; Home
                                     43 ;--------------------------------------------------------
                                     44 	.area HOME
                                     45 	.area HOME
                                     46 ;--------------------------------------------------------
                                     47 ; code
                                     48 ;--------------------------------------------------------
                                     49 	.area CODE
                                     50 ;	src/CLK.c: 5: void CLK_Config (void){
                                     51 ;	-----------------------------------------
                                     52 ;	 function CLK_Config
                                     53 ;	-----------------------------------------
      000000                         54 _CLK_Config:
                                     55 ;	src/CLK.c: 6: CLK_Deinit();
      000000 CDr00r1C         [ 4]   56 	call	_CLK_Deinit
                                     57 ;	src/CLK.c: 7: CLK->PCKENR1 |= CLK_PCKENR1_TIM1;   // Enable clock for TIM1.
      000003 C6 50 C7         [ 1]   58 	ld	a, 0x50c7
      000006 AA 80            [ 1]   59 	or	a, #0x80
      000008 C7 50 C7         [ 1]   60 	ld	0x50c7, a
                                     61 ;	src/CLK.c: 8: CLK->PCKENR1 |= CLK_PCKENR1_TIM2;   // Enable clock for TIM2.
      00000B C6 50 C7         [ 1]   62 	ld	a, 0x50c7
      00000E AA 20            [ 1]   63 	or	a, #0x20
      000010 C7 50 C7         [ 1]   64 	ld	0x50c7, a
                                     65 ;	src/CLK.c: 9: CLK->PCKENR2 |= CLK_PCKENR2_ADC;    // Enable clock for ADC.
      000013 C6 50 CA         [ 1]   66 	ld	a, 0x50ca
      000016 AA 08            [ 1]   67 	or	a, #0x08
      000018 C7 50 CA         [ 1]   68 	ld	0x50ca, a
      00001B                         69 00101$:
                                     70 ;	src/CLK.c: 10: }
      00001B 81               [ 4]   71 	ret
                                     72 ;	src/CLK.c: 12: void CLK_Deinit (void){
                                     73 ;	-----------------------------------------
                                     74 ;	 function CLK_Deinit
                                     75 ;	-----------------------------------------
      00001C                         76 _CLK_Deinit:
                                     77 ;	src/CLK.c: 13: CLK->PCKENR1 &= ~CLK_PCKENR1_RESET_VALUE; // Disable all clocking.
      00001C C6 50 C7         [ 1]   78 	ld	a, 0x50c7
      00001F 35 00 50 C7      [ 1]   79 	mov	0x50c7+0, #0x00
                                     80 ;	src/CLK.c: 14: CLK->PCKENR2 &= ~CLK_PCKENR2_RESET_VALUE; // Disable all clocking.
      000023 C6 50 CA         [ 1]   81 	ld	a, 0x50ca
      000026 35 00 50 CA      [ 1]   82 	mov	0x50ca+0, #0x00
                                     83 ;	src/CLK.c: 15: CLK->CKDIVR &= ~CLK_CKDIVR_RESET_VALUE;   // Disable all divider.
      00002A C6 50 C6         [ 1]   84 	ld	a, 0x50c6
      00002D A4 E7            [ 1]   85 	and	a, #0xe7
      00002F C7 50 C6         [ 1]   86 	ld	0x50c6, a
      000032                         87 00101$:
                                     88 ;	src/CLK.c: 16: }
      000032 81               [ 4]   89 	ret
                                     90 	.area CODE
                                     91 	.area CONST
                                     92 	.area INITIALIZER
                                     93 	.area CABS (ABS)
