                                      1 ;--------------------------------------------------------
                                      2 ; File Created by SDCC : free open source ANSI-C Compiler
                                      3 ; Version 4.0.0 #11528 (Linux)
                                      4 ;--------------------------------------------------------
                                      5 	.module INDICATION
                                      6 	.optsdcc -mstm8
                                      7 	
                                      8 ;--------------------------------------------------------
                                      9 ; Public variables in this module
                                     10 ;--------------------------------------------------------
                                     11 	.globl _Indication
                                     12 	.globl _seg_num
                                     13 	.globl _Numbers
                                     14 ;--------------------------------------------------------
                                     15 ; ram data
                                     16 ;--------------------------------------------------------
                                     17 	.area DATA
      000000                         18 _seg_num::
      000000                         19 	.ds 3
                                     20 ;--------------------------------------------------------
                                     21 ; ram data
                                     22 ;--------------------------------------------------------
                                     23 	.area INITIALIZED
                                     24 ;--------------------------------------------------------
                                     25 ; absolute external ram data
                                     26 ;--------------------------------------------------------
                                     27 	.area DABS (ABS)
                                     28 
                                     29 ; default segment ordering for linker
                                     30 	.area HOME
                                     31 	.area GSINIT
                                     32 	.area GSFINAL
                                     33 	.area CONST
                                     34 	.area INITIALIZER
                                     35 	.area CODE
                                     36 
                                     37 ;--------------------------------------------------------
                                     38 ; global & static initialisations
                                     39 ;--------------------------------------------------------
                                     40 	.area HOME
                                     41 	.area GSINIT
                                     42 	.area GSFINAL
                                     43 	.area GSINIT
                                     44 ;--------------------------------------------------------
                                     45 ; Home
                                     46 ;--------------------------------------------------------
                                     47 	.area HOME
                                     48 	.area HOME
                                     49 ;--------------------------------------------------------
                                     50 ; code
                                     51 ;--------------------------------------------------------
                                     52 	.area CODE
                                     53 ;	src/INDICATION.c: 8: void Indication (uint8_t seg){
                                     54 ;	-----------------------------------------
                                     55 ;	 function Indication
                                     56 ;	-----------------------------------------
      000000                         57 _Indication:
                                     58 ;	src/INDICATION.c: 9: switch (seg) {
      000000 7B 03            [ 1]   59 	ld	a, (0x03, sp)
      000002 A1 00            [ 1]   60 	cp	a, #0x00
      000004 26 03            [ 1]   61 	jrne	00123$
      000006 CCr00r1D         [ 2]   62 	jp	00101$
      000009                         63 00123$:
      000009 7B 03            [ 1]   64 	ld	a, (0x03, sp)
      00000B 4A               [ 1]   65 	dec	a
      00000C 26 03            [ 1]   66 	jrne	00126$
      00000E CCr00r40         [ 2]   67 	jp	00102$
      000011                         68 00126$:
      000011 7B 03            [ 1]   69 	ld	a, (0x03, sp)
      000013 A1 02            [ 1]   70 	cp	a, #0x02
      000015 26 03            [ 1]   71 	jrne	00129$
      000017 CCr00r63         [ 2]   72 	jp	00103$
      00001A                         73 00129$:
      00001A CCr00r83         [ 2]   74 	jp	00105$
                                     75 ;	src/INDICATION.c: 10: case 0:
      00001D                         76 00101$:
                                     77 ;	src/INDICATION.c: 11: DIG_1_ON;
      00001D C6 50 05         [ 1]   78 	ld	a, 0x5005
      000020 A4 DF            [ 1]   79 	and	a, #0xdf
      000022 C7 50 05         [ 1]   80 	ld	0x5005, a
                                     81 ;	src/INDICATION.c: 12: DIG_2_OFF;
      000025 C6 50 0A         [ 1]   82 	ld	a, 0x500a
      000028 AA 08            [ 1]   83 	or	a, #0x08
      00002A C7 50 0A         [ 1]   84 	ld	0x500a, a
                                     85 ;	src/INDICATION.c: 13: DIG_3_OFF;
      00002D C6 50 05         [ 1]   86 	ld	a, 0x5005
      000030 AA 10            [ 1]   87 	or	a, #0x10
      000032 C7 50 05         [ 1]   88 	ld	0x5005, a
                                     89 ;	src/INDICATION.c: 14: Numbers(seg_num[0]);
      000035 C6u00u00         [ 1]   90 	ld	a, _seg_num+0
      000038 88               [ 1]   91 	push	a
      000039 CDr00r84         [ 4]   92 	call	_Numbers
      00003C 84               [ 1]   93 	pop	a
                                     94 ;	src/INDICATION.c: 15: break;
      00003D CCr00r83         [ 2]   95 	jp	00105$
                                     96 ;	src/INDICATION.c: 16: case 1:
      000040                         97 00102$:
                                     98 ;	src/INDICATION.c: 17: DIG_1_OFF;
      000040 C6 50 05         [ 1]   99 	ld	a, 0x5005
      000043 AA 20            [ 1]  100 	or	a, #0x20
      000045 C7 50 05         [ 1]  101 	ld	0x5005, a
                                    102 ;	src/INDICATION.c: 18: DIG_2_ON;
      000048 C6 50 0A         [ 1]  103 	ld	a, 0x500a
      00004B A4 F7            [ 1]  104 	and	a, #0xf7
      00004D C7 50 0A         [ 1]  105 	ld	0x500a, a
                                    106 ;	src/INDICATION.c: 19: DIG_3_OFF;
      000050 C6 50 05         [ 1]  107 	ld	a, 0x5005
      000053 AA 10            [ 1]  108 	or	a, #0x10
      000055 C7 50 05         [ 1]  109 	ld	0x5005, a
                                    110 ;	src/INDICATION.c: 20: Numbers(seg_num[1]);
      000058 C6u00u01         [ 1]  111 	ld	a, _seg_num+1
      00005B 88               [ 1]  112 	push	a
      00005C CDr00r84         [ 4]  113 	call	_Numbers
      00005F 84               [ 1]  114 	pop	a
                                    115 ;	src/INDICATION.c: 21: break;
      000060 CCr00r83         [ 2]  116 	jp	00105$
                                    117 ;	src/INDICATION.c: 22: case 2:
      000063                        118 00103$:
                                    119 ;	src/INDICATION.c: 23: DIG_1_OFF;
      000063 C6 50 05         [ 1]  120 	ld	a, 0x5005
      000066 AA 20            [ 1]  121 	or	a, #0x20
      000068 C7 50 05         [ 1]  122 	ld	0x5005, a
                                    123 ;	src/INDICATION.c: 24: DIG_2_OFF;
      00006B C6 50 0A         [ 1]  124 	ld	a, 0x500a
      00006E AA 08            [ 1]  125 	or	a, #0x08
      000070 C7 50 0A         [ 1]  126 	ld	0x500a, a
                                    127 ;	src/INDICATION.c: 25: DIG_3_ON;
      000073 C6 50 05         [ 1]  128 	ld	a, 0x5005
      000076 A4 EF            [ 1]  129 	and	a, #0xef
      000078 C7 50 05         [ 1]  130 	ld	0x5005, a
                                    131 ;	src/INDICATION.c: 26: Numbers(seg_num[2]);
      00007B C6u00u02         [ 1]  132 	ld	a, _seg_num+2
      00007E 88               [ 1]  133 	push	a
      00007F CDr00r84         [ 4]  134 	call	_Numbers
      000082 84               [ 1]  135 	pop	a
                                    136 ;	src/INDICATION.c: 28: }
      000083                        137 00105$:
                                    138 ;	src/INDICATION.c: 29: }
      000083 81               [ 4]  139 	ret
                                    140 ;	src/INDICATION.c: 31: void Numbers (uint8_t number){
                                    141 ;	-----------------------------------------
                                    142 ;	 function Numbers
                                    143 ;	-----------------------------------------
      000084                        144 _Numbers:
                                    145 ;	src/INDICATION.c: 32: switch (number) {
      000084 7B 03            [ 1]  146 	ld	a, (0x03, sp)
      000086 A1 09            [ 1]  147 	cp	a, #0x09
      000088 23 03            [ 2]  148 	jrule	00119$
      00008A CCr03r45         [ 2]  149 	jp	00112$
      00008D                        150 00119$:
      00008D 5F               [ 1]  151 	clrw	x
      00008E 7B 03            [ 1]  152 	ld	a, (0x03, sp)
      000090 97               [ 1]  153 	ld	xl, a
      000091 58               [ 2]  154 	sllw	x
      000092 DEu00u96         [ 2]  155 	ldw	x, (#00120$, x)
      000095 FC               [ 2]  156 	jp	(x)
      000096                        157 00120$:
      000096r00rAA                  158 	.dw	#00101$
      000098r00rED                  159 	.dw	#00102$
      00009Ar01r30                  160 	.dw	#00103$
      00009Cr01r73                  161 	.dw	#00104$
      00009Er01rB6                  162 	.dw	#00105$
      0000A0r01rF9                  163 	.dw	#00106$
      0000A2r02r3C                  164 	.dw	#00107$
      0000A4r02r7F                  165 	.dw	#00108$
      0000A6r02rC2                  166 	.dw	#00109$
      0000A8r03r05                  167 	.dw	#00110$
                                    168 ;	src/INDICATION.c: 33: case 0:
      0000AA                        169 00101$:
                                    170 ;	src/INDICATION.c: 34: SEG_A_ON;
      0000AA C6 50 0A         [ 1]  171 	ld	a, 0x500a
      0000AD AA 20            [ 1]  172 	or	a, #0x20
      0000AF C7 50 0A         [ 1]  173 	ld	0x500a, a
                                    174 ;	src/INDICATION.c: 35: SEG_B_ON;
      0000B2 C6 50 0A         [ 1]  175 	ld	a, 0x500a
      0000B5 AA 40            [ 1]  176 	or	a, #0x40
      0000B7 C7 50 0A         [ 1]  177 	ld	0x500a, a
                                    178 ;	src/INDICATION.c: 36: SEG_C_ON;
      0000BA C6 50 0F         [ 1]  179 	ld	a, 0x500f
      0000BD AA 04            [ 1]  180 	or	a, #0x04
      0000BF C7 50 0F         [ 1]  181 	ld	0x500f, a
                                    182 ;	src/INDICATION.c: 37: SEG_D_ON;
      0000C2 C6 50 0F         [ 1]  183 	ld	a, 0x500f
      0000C5 AA 10            [ 1]  184 	or	a, #0x10
      0000C7 C7 50 0F         [ 1]  185 	ld	0x500f, a
                                    186 ;	src/INDICATION.c: 38: SEG_E_ON;
      0000CA C6 50 0F         [ 1]  187 	ld	a, 0x500f
      0000CD AA 20            [ 1]  188 	or	a, #0x20
      0000CF C7 50 0F         [ 1]  189 	ld	0x500f, a
                                    190 ;	src/INDICATION.c: 39: SEG_F_ON;
      0000D2 C6 50 0A         [ 1]  191 	ld	a, 0x500a
      0000D5 AA 10            [ 1]  192 	or	a, #0x10
      0000D7 C7 50 0A         [ 1]  193 	ld	0x500a, a
                                    194 ;	src/INDICATION.c: 40: SEG_G_OFF;
      0000DA C6 50 0F         [ 1]  195 	ld	a, 0x500f
      0000DD A4 F7            [ 1]  196 	and	a, #0xf7
      0000DF C7 50 0F         [ 1]  197 	ld	0x500f, a
                                    198 ;	src/INDICATION.c: 41: SEG_DP_OFF;
      0000E2 C6 50 0A         [ 1]  199 	ld	a, 0x500a
      0000E5 A4 7F            [ 1]  200 	and	a, #0x7f
      0000E7 C7 50 0A         [ 1]  201 	ld	0x500a, a
                                    202 ;	src/INDICATION.c: 42: break;
      0000EA CCr03r45         [ 2]  203 	jp	00112$
                                    204 ;	src/INDICATION.c: 43: case 1:
      0000ED                        205 00102$:
                                    206 ;	src/INDICATION.c: 44: SEG_A_OFF;
      0000ED C6 50 0A         [ 1]  207 	ld	a, 0x500a
      0000F0 A4 DF            [ 1]  208 	and	a, #0xdf
      0000F2 C7 50 0A         [ 1]  209 	ld	0x500a, a
                                    210 ;	src/INDICATION.c: 45: SEG_B_ON;
      0000F5 C6 50 0A         [ 1]  211 	ld	a, 0x500a
      0000F8 AA 40            [ 1]  212 	or	a, #0x40
      0000FA C7 50 0A         [ 1]  213 	ld	0x500a, a
                                    214 ;	src/INDICATION.c: 46: SEG_C_ON;
      0000FD C6 50 0F         [ 1]  215 	ld	a, 0x500f
      000100 AA 04            [ 1]  216 	or	a, #0x04
      000102 C7 50 0F         [ 1]  217 	ld	0x500f, a
                                    218 ;	src/INDICATION.c: 47: SEG_D_OFF;
      000105 C6 50 0F         [ 1]  219 	ld	a, 0x500f
      000108 A4 EF            [ 1]  220 	and	a, #0xef
      00010A C7 50 0F         [ 1]  221 	ld	0x500f, a
                                    222 ;	src/INDICATION.c: 48: SEG_E_OFF;
      00010D C6 50 0F         [ 1]  223 	ld	a, 0x500f
      000110 A4 DF            [ 1]  224 	and	a, #0xdf
      000112 C7 50 0F         [ 1]  225 	ld	0x500f, a
                                    226 ;	src/INDICATION.c: 49: SEG_F_OFF;
      000115 C6 50 0A         [ 1]  227 	ld	a, 0x500a
      000118 A4 EF            [ 1]  228 	and	a, #0xef
      00011A C7 50 0A         [ 1]  229 	ld	0x500a, a
                                    230 ;	src/INDICATION.c: 50: SEG_G_OFF;
      00011D C6 50 0F         [ 1]  231 	ld	a, 0x500f
      000120 A4 F7            [ 1]  232 	and	a, #0xf7
      000122 C7 50 0F         [ 1]  233 	ld	0x500f, a
                                    234 ;	src/INDICATION.c: 51: SEG_DP_OFF;
      000125 C6 50 0A         [ 1]  235 	ld	a, 0x500a
      000128 A4 7F            [ 1]  236 	and	a, #0x7f
      00012A C7 50 0A         [ 1]  237 	ld	0x500a, a
                                    238 ;	src/INDICATION.c: 52: break;
      00012D CCr03r45         [ 2]  239 	jp	00112$
                                    240 ;	src/INDICATION.c: 53: case 2:
      000130                        241 00103$:
                                    242 ;	src/INDICATION.c: 54: SEG_A_ON;
      000130 C6 50 0A         [ 1]  243 	ld	a, 0x500a
      000133 AA 20            [ 1]  244 	or	a, #0x20
      000135 C7 50 0A         [ 1]  245 	ld	0x500a, a
                                    246 ;	src/INDICATION.c: 55: SEG_B_ON;
      000138 C6 50 0A         [ 1]  247 	ld	a, 0x500a
      00013B AA 40            [ 1]  248 	or	a, #0x40
      00013D C7 50 0A         [ 1]  249 	ld	0x500a, a
                                    250 ;	src/INDICATION.c: 56: SEG_C_OFF;
      000140 C6 50 0F         [ 1]  251 	ld	a, 0x500f
      000143 A4 FB            [ 1]  252 	and	a, #0xfb
      000145 C7 50 0F         [ 1]  253 	ld	0x500f, a
                                    254 ;	src/INDICATION.c: 57: SEG_D_ON;
      000148 C6 50 0F         [ 1]  255 	ld	a, 0x500f
      00014B AA 10            [ 1]  256 	or	a, #0x10
      00014D C7 50 0F         [ 1]  257 	ld	0x500f, a
                                    258 ;	src/INDICATION.c: 58: SEG_E_ON;
      000150 C6 50 0F         [ 1]  259 	ld	a, 0x500f
      000153 AA 20            [ 1]  260 	or	a, #0x20
      000155 C7 50 0F         [ 1]  261 	ld	0x500f, a
                                    262 ;	src/INDICATION.c: 59: SEG_F_OFF;
      000158 C6 50 0A         [ 1]  263 	ld	a, 0x500a
      00015B A4 EF            [ 1]  264 	and	a, #0xef
      00015D C7 50 0A         [ 1]  265 	ld	0x500a, a
                                    266 ;	src/INDICATION.c: 60: SEG_G_ON;
      000160 C6 50 0F         [ 1]  267 	ld	a, 0x500f
      000163 AA 08            [ 1]  268 	or	a, #0x08
      000165 C7 50 0F         [ 1]  269 	ld	0x500f, a
                                    270 ;	src/INDICATION.c: 61: SEG_DP_OFF;
      000168 C6 50 0A         [ 1]  271 	ld	a, 0x500a
      00016B A4 7F            [ 1]  272 	and	a, #0x7f
      00016D C7 50 0A         [ 1]  273 	ld	0x500a, a
                                    274 ;	src/INDICATION.c: 62: break;
      000170 CCr03r45         [ 2]  275 	jp	00112$
                                    276 ;	src/INDICATION.c: 63: case 3:
      000173                        277 00104$:
                                    278 ;	src/INDICATION.c: 64: SEG_A_ON;
      000173 C6 50 0A         [ 1]  279 	ld	a, 0x500a
      000176 AA 20            [ 1]  280 	or	a, #0x20
      000178 C7 50 0A         [ 1]  281 	ld	0x500a, a
                                    282 ;	src/INDICATION.c: 65: SEG_B_ON;
      00017B C6 50 0A         [ 1]  283 	ld	a, 0x500a
      00017E AA 40            [ 1]  284 	or	a, #0x40
      000180 C7 50 0A         [ 1]  285 	ld	0x500a, a
                                    286 ;	src/INDICATION.c: 66: SEG_C_ON;
      000183 C6 50 0F         [ 1]  287 	ld	a, 0x500f
      000186 AA 04            [ 1]  288 	or	a, #0x04
      000188 C7 50 0F         [ 1]  289 	ld	0x500f, a
                                    290 ;	src/INDICATION.c: 67: SEG_D_ON;
      00018B C6 50 0F         [ 1]  291 	ld	a, 0x500f
      00018E AA 10            [ 1]  292 	or	a, #0x10
      000190 C7 50 0F         [ 1]  293 	ld	0x500f, a
                                    294 ;	src/INDICATION.c: 68: SEG_E_OFF;
      000193 C6 50 0F         [ 1]  295 	ld	a, 0x500f
      000196 A4 DF            [ 1]  296 	and	a, #0xdf
      000198 C7 50 0F         [ 1]  297 	ld	0x500f, a
                                    298 ;	src/INDICATION.c: 69: SEG_F_OFF;
      00019B C6 50 0A         [ 1]  299 	ld	a, 0x500a
      00019E A4 EF            [ 1]  300 	and	a, #0xef
      0001A0 C7 50 0A         [ 1]  301 	ld	0x500a, a
                                    302 ;	src/INDICATION.c: 70: SEG_G_ON;
      0001A3 C6 50 0F         [ 1]  303 	ld	a, 0x500f
      0001A6 AA 08            [ 1]  304 	or	a, #0x08
      0001A8 C7 50 0F         [ 1]  305 	ld	0x500f, a
                                    306 ;	src/INDICATION.c: 71: SEG_DP_OFF;
      0001AB C6 50 0A         [ 1]  307 	ld	a, 0x500a
      0001AE A4 7F            [ 1]  308 	and	a, #0x7f
      0001B0 C7 50 0A         [ 1]  309 	ld	0x500a, a
                                    310 ;	src/INDICATION.c: 72: break;
      0001B3 CCr03r45         [ 2]  311 	jp	00112$
                                    312 ;	src/INDICATION.c: 73: case 4:
      0001B6                        313 00105$:
                                    314 ;	src/INDICATION.c: 74: SEG_A_OFF;
      0001B6 C6 50 0A         [ 1]  315 	ld	a, 0x500a
      0001B9 A4 DF            [ 1]  316 	and	a, #0xdf
      0001BB C7 50 0A         [ 1]  317 	ld	0x500a, a
                                    318 ;	src/INDICATION.c: 75: SEG_B_ON;
      0001BE C6 50 0A         [ 1]  319 	ld	a, 0x500a
      0001C1 AA 40            [ 1]  320 	or	a, #0x40
      0001C3 C7 50 0A         [ 1]  321 	ld	0x500a, a
                                    322 ;	src/INDICATION.c: 76: SEG_C_ON;
      0001C6 C6 50 0F         [ 1]  323 	ld	a, 0x500f
      0001C9 AA 04            [ 1]  324 	or	a, #0x04
      0001CB C7 50 0F         [ 1]  325 	ld	0x500f, a
                                    326 ;	src/INDICATION.c: 77: SEG_D_OFF;
      0001CE C6 50 0F         [ 1]  327 	ld	a, 0x500f
      0001D1 A4 EF            [ 1]  328 	and	a, #0xef
      0001D3 C7 50 0F         [ 1]  329 	ld	0x500f, a
                                    330 ;	src/INDICATION.c: 78: SEG_E_OFF;
      0001D6 C6 50 0F         [ 1]  331 	ld	a, 0x500f
      0001D9 A4 DF            [ 1]  332 	and	a, #0xdf
      0001DB C7 50 0F         [ 1]  333 	ld	0x500f, a
                                    334 ;	src/INDICATION.c: 79: SEG_F_ON;
      0001DE C6 50 0A         [ 1]  335 	ld	a, 0x500a
      0001E1 AA 10            [ 1]  336 	or	a, #0x10
      0001E3 C7 50 0A         [ 1]  337 	ld	0x500a, a
                                    338 ;	src/INDICATION.c: 80: SEG_G_ON;
      0001E6 C6 50 0F         [ 1]  339 	ld	a, 0x500f
      0001E9 AA 08            [ 1]  340 	or	a, #0x08
      0001EB C7 50 0F         [ 1]  341 	ld	0x500f, a
                                    342 ;	src/INDICATION.c: 81: SEG_DP_OFF;
      0001EE C6 50 0A         [ 1]  343 	ld	a, 0x500a
      0001F1 A4 7F            [ 1]  344 	and	a, #0x7f
      0001F3 C7 50 0A         [ 1]  345 	ld	0x500a, a
                                    346 ;	src/INDICATION.c: 82: break;
      0001F6 CCr03r45         [ 2]  347 	jp	00112$
                                    348 ;	src/INDICATION.c: 83: case 5:
      0001F9                        349 00106$:
                                    350 ;	src/INDICATION.c: 84: SEG_A_ON;
      0001F9 C6 50 0A         [ 1]  351 	ld	a, 0x500a
      0001FC AA 20            [ 1]  352 	or	a, #0x20
      0001FE C7 50 0A         [ 1]  353 	ld	0x500a, a
                                    354 ;	src/INDICATION.c: 85: SEG_B_OFF;
      000201 C6 50 0A         [ 1]  355 	ld	a, 0x500a
      000204 A4 BF            [ 1]  356 	and	a, #0xbf
      000206 C7 50 0A         [ 1]  357 	ld	0x500a, a
                                    358 ;	src/INDICATION.c: 86: SEG_C_ON;
      000209 C6 50 0F         [ 1]  359 	ld	a, 0x500f
      00020C AA 04            [ 1]  360 	or	a, #0x04
      00020E C7 50 0F         [ 1]  361 	ld	0x500f, a
                                    362 ;	src/INDICATION.c: 87: SEG_D_ON;
      000211 C6 50 0F         [ 1]  363 	ld	a, 0x500f
      000214 AA 10            [ 1]  364 	or	a, #0x10
      000216 C7 50 0F         [ 1]  365 	ld	0x500f, a
                                    366 ;	src/INDICATION.c: 88: SEG_E_OFF;
      000219 C6 50 0F         [ 1]  367 	ld	a, 0x500f
      00021C A4 DF            [ 1]  368 	and	a, #0xdf
      00021E C7 50 0F         [ 1]  369 	ld	0x500f, a
                                    370 ;	src/INDICATION.c: 89: SEG_F_ON;
      000221 C6 50 0A         [ 1]  371 	ld	a, 0x500a
      000224 AA 10            [ 1]  372 	or	a, #0x10
      000226 C7 50 0A         [ 1]  373 	ld	0x500a, a
                                    374 ;	src/INDICATION.c: 90: SEG_G_ON;
      000229 C6 50 0F         [ 1]  375 	ld	a, 0x500f
      00022C AA 08            [ 1]  376 	or	a, #0x08
      00022E C7 50 0F         [ 1]  377 	ld	0x500f, a
                                    378 ;	src/INDICATION.c: 91: SEG_DP_OFF;
      000231 C6 50 0A         [ 1]  379 	ld	a, 0x500a
      000234 A4 7F            [ 1]  380 	and	a, #0x7f
      000236 C7 50 0A         [ 1]  381 	ld	0x500a, a
                                    382 ;	src/INDICATION.c: 92: break;
      000239 CCr03r45         [ 2]  383 	jp	00112$
                                    384 ;	src/INDICATION.c: 93: case 6:
      00023C                        385 00107$:
                                    386 ;	src/INDICATION.c: 94: SEG_A_ON;
      00023C C6 50 0A         [ 1]  387 	ld	a, 0x500a
      00023F AA 20            [ 1]  388 	or	a, #0x20
      000241 C7 50 0A         [ 1]  389 	ld	0x500a, a
                                    390 ;	src/INDICATION.c: 95: SEG_B_OFF;
      000244 C6 50 0A         [ 1]  391 	ld	a, 0x500a
      000247 A4 BF            [ 1]  392 	and	a, #0xbf
      000249 C7 50 0A         [ 1]  393 	ld	0x500a, a
                                    394 ;	src/INDICATION.c: 96: SEG_C_ON;
      00024C C6 50 0F         [ 1]  395 	ld	a, 0x500f
      00024F AA 04            [ 1]  396 	or	a, #0x04
      000251 C7 50 0F         [ 1]  397 	ld	0x500f, a
                                    398 ;	src/INDICATION.c: 97: SEG_D_ON;
      000254 C6 50 0F         [ 1]  399 	ld	a, 0x500f
      000257 AA 10            [ 1]  400 	or	a, #0x10
      000259 C7 50 0F         [ 1]  401 	ld	0x500f, a
                                    402 ;	src/INDICATION.c: 98: SEG_E_ON;
      00025C C6 50 0F         [ 1]  403 	ld	a, 0x500f
      00025F AA 20            [ 1]  404 	or	a, #0x20
      000261 C7 50 0F         [ 1]  405 	ld	0x500f, a
                                    406 ;	src/INDICATION.c: 99: SEG_F_ON;
      000264 C6 50 0A         [ 1]  407 	ld	a, 0x500a
      000267 AA 10            [ 1]  408 	or	a, #0x10
      000269 C7 50 0A         [ 1]  409 	ld	0x500a, a
                                    410 ;	src/INDICATION.c: 100: SEG_G_ON;
      00026C C6 50 0F         [ 1]  411 	ld	a, 0x500f
      00026F AA 08            [ 1]  412 	or	a, #0x08
      000271 C7 50 0F         [ 1]  413 	ld	0x500f, a
                                    414 ;	src/INDICATION.c: 101: SEG_DP_OFF;
      000274 C6 50 0A         [ 1]  415 	ld	a, 0x500a
      000277 A4 7F            [ 1]  416 	and	a, #0x7f
      000279 C7 50 0A         [ 1]  417 	ld	0x500a, a
                                    418 ;	src/INDICATION.c: 102: break;
      00027C CCr03r45         [ 2]  419 	jp	00112$
                                    420 ;	src/INDICATION.c: 103: case 7:
      00027F                        421 00108$:
                                    422 ;	src/INDICATION.c: 104: SEG_A_ON;
      00027F C6 50 0A         [ 1]  423 	ld	a, 0x500a
      000282 AA 20            [ 1]  424 	or	a, #0x20
      000284 C7 50 0A         [ 1]  425 	ld	0x500a, a
                                    426 ;	src/INDICATION.c: 105: SEG_B_ON;
      000287 C6 50 0A         [ 1]  427 	ld	a, 0x500a
      00028A AA 40            [ 1]  428 	or	a, #0x40
      00028C C7 50 0A         [ 1]  429 	ld	0x500a, a
                                    430 ;	src/INDICATION.c: 106: SEG_C_ON;
      00028F C6 50 0F         [ 1]  431 	ld	a, 0x500f
      000292 AA 04            [ 1]  432 	or	a, #0x04
      000294 C7 50 0F         [ 1]  433 	ld	0x500f, a
                                    434 ;	src/INDICATION.c: 107: SEG_D_OFF;
      000297 C6 50 0F         [ 1]  435 	ld	a, 0x500f
      00029A A4 EF            [ 1]  436 	and	a, #0xef
      00029C C7 50 0F         [ 1]  437 	ld	0x500f, a
                                    438 ;	src/INDICATION.c: 108: SEG_E_OFF;
      00029F C6 50 0F         [ 1]  439 	ld	a, 0x500f
      0002A2 A4 DF            [ 1]  440 	and	a, #0xdf
      0002A4 C7 50 0F         [ 1]  441 	ld	0x500f, a
                                    442 ;	src/INDICATION.c: 109: SEG_F_OFF;
      0002A7 C6 50 0A         [ 1]  443 	ld	a, 0x500a
      0002AA A4 EF            [ 1]  444 	and	a, #0xef
      0002AC C7 50 0A         [ 1]  445 	ld	0x500a, a
                                    446 ;	src/INDICATION.c: 110: SEG_G_OFF;
      0002AF C6 50 0F         [ 1]  447 	ld	a, 0x500f
      0002B2 A4 F7            [ 1]  448 	and	a, #0xf7
      0002B4 C7 50 0F         [ 1]  449 	ld	0x500f, a
                                    450 ;	src/INDICATION.c: 111: SEG_DP_OFF;
      0002B7 C6 50 0A         [ 1]  451 	ld	a, 0x500a
      0002BA A4 7F            [ 1]  452 	and	a, #0x7f
      0002BC C7 50 0A         [ 1]  453 	ld	0x500a, a
                                    454 ;	src/INDICATION.c: 112: break;
      0002BF CCr03r45         [ 2]  455 	jp	00112$
                                    456 ;	src/INDICATION.c: 113: case 8:
      0002C2                        457 00109$:
                                    458 ;	src/INDICATION.c: 114: SEG_A_ON;
      0002C2 C6 50 0A         [ 1]  459 	ld	a, 0x500a
      0002C5 AA 20            [ 1]  460 	or	a, #0x20
      0002C7 C7 50 0A         [ 1]  461 	ld	0x500a, a
                                    462 ;	src/INDICATION.c: 115: SEG_B_ON;
      0002CA C6 50 0A         [ 1]  463 	ld	a, 0x500a
      0002CD AA 40            [ 1]  464 	or	a, #0x40
      0002CF C7 50 0A         [ 1]  465 	ld	0x500a, a
                                    466 ;	src/INDICATION.c: 116: SEG_C_ON;
      0002D2 C6 50 0F         [ 1]  467 	ld	a, 0x500f
      0002D5 AA 04            [ 1]  468 	or	a, #0x04
      0002D7 C7 50 0F         [ 1]  469 	ld	0x500f, a
                                    470 ;	src/INDICATION.c: 117: SEG_D_ON;
      0002DA C6 50 0F         [ 1]  471 	ld	a, 0x500f
      0002DD AA 10            [ 1]  472 	or	a, #0x10
      0002DF C7 50 0F         [ 1]  473 	ld	0x500f, a
                                    474 ;	src/INDICATION.c: 118: SEG_E_ON;
      0002E2 C6 50 0F         [ 1]  475 	ld	a, 0x500f
      0002E5 AA 20            [ 1]  476 	or	a, #0x20
      0002E7 C7 50 0F         [ 1]  477 	ld	0x500f, a
                                    478 ;	src/INDICATION.c: 119: SEG_F_ON;
      0002EA C6 50 0A         [ 1]  479 	ld	a, 0x500a
      0002ED AA 10            [ 1]  480 	or	a, #0x10
      0002EF C7 50 0A         [ 1]  481 	ld	0x500a, a
                                    482 ;	src/INDICATION.c: 120: SEG_G_ON;
      0002F2 C6 50 0F         [ 1]  483 	ld	a, 0x500f
      0002F5 AA 08            [ 1]  484 	or	a, #0x08
      0002F7 C7 50 0F         [ 1]  485 	ld	0x500f, a
                                    486 ;	src/INDICATION.c: 121: SEG_DP_OFF;
      0002FA C6 50 0A         [ 1]  487 	ld	a, 0x500a
      0002FD A4 7F            [ 1]  488 	and	a, #0x7f
      0002FF C7 50 0A         [ 1]  489 	ld	0x500a, a
                                    490 ;	src/INDICATION.c: 122: break;
      000302 CCr03r45         [ 2]  491 	jp	00112$
                                    492 ;	src/INDICATION.c: 123: case 9:
      000305                        493 00110$:
                                    494 ;	src/INDICATION.c: 124: SEG_A_ON;
      000305 C6 50 0A         [ 1]  495 	ld	a, 0x500a
      000308 AA 20            [ 1]  496 	or	a, #0x20
      00030A C7 50 0A         [ 1]  497 	ld	0x500a, a
                                    498 ;	src/INDICATION.c: 125: SEG_B_ON;
      00030D C6 50 0A         [ 1]  499 	ld	a, 0x500a
      000310 AA 40            [ 1]  500 	or	a, #0x40
      000312 C7 50 0A         [ 1]  501 	ld	0x500a, a
                                    502 ;	src/INDICATION.c: 126: SEG_C_ON;
      000315 C6 50 0F         [ 1]  503 	ld	a, 0x500f
      000318 AA 04            [ 1]  504 	or	a, #0x04
      00031A C7 50 0F         [ 1]  505 	ld	0x500f, a
                                    506 ;	src/INDICATION.c: 127: SEG_D_ON;
      00031D C6 50 0F         [ 1]  507 	ld	a, 0x500f
      000320 AA 10            [ 1]  508 	or	a, #0x10
      000322 C7 50 0F         [ 1]  509 	ld	0x500f, a
                                    510 ;	src/INDICATION.c: 128: SEG_E_OFF;
      000325 C6 50 0F         [ 1]  511 	ld	a, 0x500f
      000328 A4 DF            [ 1]  512 	and	a, #0xdf
      00032A C7 50 0F         [ 1]  513 	ld	0x500f, a
                                    514 ;	src/INDICATION.c: 129: SEG_F_ON;
      00032D C6 50 0A         [ 1]  515 	ld	a, 0x500a
      000330 AA 10            [ 1]  516 	or	a, #0x10
      000332 C7 50 0A         [ 1]  517 	ld	0x500a, a
                                    518 ;	src/INDICATION.c: 130: SEG_G_ON;
      000335 C6 50 0F         [ 1]  519 	ld	a, 0x500f
      000338 AA 08            [ 1]  520 	or	a, #0x08
      00033A C7 50 0F         [ 1]  521 	ld	0x500f, a
                                    522 ;	src/INDICATION.c: 131: SEG_DP_OFF;
      00033D C6 50 0A         [ 1]  523 	ld	a, 0x500a
      000340 A4 7F            [ 1]  524 	and	a, #0x7f
      000342 C7 50 0A         [ 1]  525 	ld	0x500a, a
                                    526 ;	src/INDICATION.c: 133: }
      000345                        527 00112$:
                                    528 ;	src/INDICATION.c: 134: }
      000345 81               [ 4]  529 	ret
                                    530 	.area CODE
                                    531 	.area CONST
                                    532 	.area INITIALIZER
                                    533 	.area CABS (ABS)
